2019-07-26 10:18:20 INFO  LogInServlet:168 - going into try
2019-07-26 10:18:22 INFO  LogInServlet:169 - Users [userId=1004, firstname=David, lastname=Dude, password=pass, roleId=1]
2019-07-26 11:55:34 INFO  LogInServlet:171 - going into try
2019-07-26 11:55:35 INFO  LogInServlet:172 - Users [userId=1004, firstname=David, lastname=Dude, password=pass, roleId=1]
2019-07-26 11:57:23 INFO  LogInServlet:171 - going into try
2019-07-26 11:57:25 INFO  LogInServlet:172 - Users [userId=1004, firstname=David, lastname=Dude, password=pass, roleId=1]
2019-07-26 12:03:42 INFO  LogInServlet:171 - going into try
2019-07-26 12:03:43 INFO  LogInServlet:172 - Users [userId=1004, firstname=David, lastname=Dude, password=pass, roleId=1]
2019-07-26 12:17:14 INFO  LogInServlet:171 - going into try
2019-07-26 12:17:14 INFO  LogInServlet:172 - Users [userId=1004, firstname=David, lastname=Dude, password=pass, roleId=1]
2019-07-26 12:23:10 INFO  LogInServlet:171 - going into try
2019-07-26 12:23:10 INFO  LogInServlet:172 - Users [userId=1004, firstname=David, lastname=Dude, password=pass, roleId=1]
2019-07-26 12:25:24 INFO  LogInServlet:171 - going into try
2019-07-26 12:25:25 INFO  LogInServlet:172 - Users [userId=1004, firstname=David, lastname=Dude, password=pass, roleId=1]
2019-07-26 12:34:27 INFO  LogInServlet:171 - going into try
2019-07-26 12:34:28 INFO  LogInServlet:172 - Users [userId=1004, firstname=David, lastname=Dude, password=pass, roleId=1]
2019-07-26 12:45:38 INFO  LogInServlet:171 - going into try
2019-07-26 12:45:40 INFO  LogInServlet:172 - Users [userId=1004, firstname=David, lastname=Dude, password=pass, roleId=1]
2019-07-26 12:54:46 INFO  LogInServlet:171 - going into try
2019-07-26 12:54:46 INFO  LogInServlet:172 - Users [userId=1004, firstname=David, lastname=Dude, password=pass, roleId=1]
2019-07-26 13:59:55 INFO  LogInServlet:171 - going into try
2019-07-26 13:59:56 INFO  LogInServlet:172 - Users [userId=1004, firstname=David, lastname=Dude, password=pass, roleId=1]
2019-07-26 14:00:22 INFO  LogInServlet:171 - going into try
2019-07-26 14:00:23 INFO  LogInServlet:172 - Users [userId=1004, firstname=David, lastname=Dude, password=pass, roleId=1]
2019-07-26 14:12:48 INFO  LogInServlet:171 - going into try
2019-07-26 14:12:49 INFO  LogInServlet:172 - Users [userId=1004, firstname=David, lastname=Dude, password=pass, roleId=1]
2019-07-26 14:15:00 INFO  LogInServlet:171 - going into try
2019-07-26 14:15:01 INFO  LogInServlet:172 - Users [userId=1004, firstname=David, lastname=Dude, password=pass, roleId=1]
2019-07-26 14:18:52 INFO  LogInServlet:171 - going into try
2019-07-26 14:18:53 INFO  LogInServlet:172 - Users [userId=1004, firstname=David, lastname=Dude, password=pass, roleId=1]
2019-07-26 14:28:02 INFO  LogInServlet:171 - going into try
2019-07-26 14:28:03 INFO  LogInServlet:172 - Users [userId=1004, firstname=David, lastname=Dude, password=pass, roleId=1]
2019-07-26 14:36:22 INFO  LogInServlet:171 - going into try
2019-07-26 14:36:24 INFO  LogInServlet:172 - Users [userId=1004, firstname=David, lastname=Dude, password=pass, roleId=1]
2019-07-26 14:36:42 INFO  LogInServlet:171 - going into try
2019-07-26 14:36:42 INFO  LogInServlet:172 - 
2019-07-26 14:40:37 INFO  LogInServlet:171 - going into try
2019-07-26 14:40:39 INFO  LogInServlet:172 - Users [userId=1004, firstname=David, lastname=Dude, password=pass, roleId=1]
2019-07-26 14:42:06 INFO  LogInServlet:171 - going into try
2019-07-26 14:42:06 INFO  LogInServlet:172 - Users [userId=1004, firstname=David, lastname=Dude, password=pass, roleId=1]
2019-07-26 14:42:14 INFO  LogInServlet:171 - going into try
2019-07-26 14:42:15 INFO  LogInServlet:172 - Users [userId=1003, firstname=Jaime, lastname=Thrasher, password=pass, roleId=3]
2019-07-26 14:59:24 INFO  LogInServlet:171 - going into try
2019-07-26 14:59:26 INFO  LogInServlet:172 - Users [userId=1004, firstname=David, lastname=Dude, password=pass, roleId=1]
2019-07-26 15:58:29 INFO  LogInServlet:41 - going into try
2019-07-26 15:58:31 INFO  LogInServlet:42 - Users [userId=1003, firstname=Jaime, lastname=Thrasher, password=pass, roleId=3]
2019-07-26 16:05:53 INFO  LogInServlet:41 - going into try
2019-07-26 16:05:54 INFO  LogInServlet:42 - Users [userId=1003, firstname=Jaime, lastname=Thrasher, password=pass, roleId=3]
2019-07-26 16:37:18 INFO  LogInServlet:41 - going into try
2019-07-26 16:37:19 INFO  LogInServlet:42 - Users [userId=1004, firstname=David, lastname=Dude, password=pass, roleId=1]
2019-07-26 16:38:47 INFO  LogInServlet:41 - going into try
2019-07-26 16:38:49 INFO  LogInServlet:42 - Users [userId=1004, firstname=David, lastname=Dude, password=pass, roleId=1]
2019-07-26 16:42:26 INFO  LogInServlet:41 - going into try
2019-07-26 16:42:26 INFO  LogInServlet:42 - Users [userId=1003, firstname=Jaime, lastname=Thrasher, password=pass, roleId=3]
2019-07-26 16:49:37 INFO  LogInServlet:41 - going into try
2019-07-26 16:49:39 INFO  LogInServlet:42 - Users [userId=1003, firstname=Jaime, lastname=Thrasher, password=pass, roleId=3]
2019-07-26 16:49:54 INFO  LogInServlet:41 - going into try
2019-07-26 16:49:55 INFO  LogInServlet:42 - 
2019-07-26 16:50:09 INFO  LogInServlet:41 - going into try
2019-07-26 16:50:09 INFO  LogInServlet:42 - Users [userId=1004, firstname=Jim, lastname=Wong, password=pass, roleId=1]
2019-07-26 16:50:58 INFO  LogInServlet:41 - going into try
2019-07-26 16:50:59 INFO  LogInServlet:42 - Users [userId=1003, firstname=Jaime, lastname=Thrasher, password=pass, roleId=3]
2019-07-26 16:52:54 INFO  LogInServlet:41 - going into try
2019-07-26 16:52:54 INFO  LogInServlet:42 - Users [userId=1003, firstname=Jaime, lastname=Thrasher, password=pass, roleId=3]
2019-07-26 16:59:47 INFO  LogInServlet:41 - going into try
2019-07-26 16:59:49 INFO  LogInServlet:42 - 
2019-07-26 17:00:12 INFO  LogInServlet:41 - going into try
2019-07-26 17:00:13 INFO  LogInServlet:42 - Users [userId=1003, firstname=Jaime, lastname=Thrasher, password=pass, roleId=3]
2019-07-26 17:17:08 INFO  LogInServlet:41 - going into try
2019-07-26 17:17:10 INFO  LogInServlet:42 - Users [userId=1003, firstname=Jaime, lastname=Thrasher, password=pass, roleId=3]
2019-07-26 17:22:02 INFO  LogInServlet:41 - going into try
2019-07-26 17:22:04 INFO  LogInServlet:42 - Users [userId=1003, firstname=Jaime, lastname=Thrasher, password=pass, roleId=3]
2019-07-26 17:24:21 INFO  LogInServlet:41 - going into try
2019-07-26 17:24:23 INFO  LogInServlet:42 - Users [userId=1003, firstname=Jaime, lastname=Thrasher, password=pass, roleId=3]
2019-07-26 17:25:24 INFO  LogInServlet:41 - going into try
2019-07-26 17:25:25 INFO  LogInServlet:42 - Users [userId=1003, firstname=Jaime, lastname=Thrasher, password=pass, roleId=3]
2019-07-26 17:25:37 INFO  LogInServlet:41 - going into try
2019-07-26 17:25:38 INFO  LogInServlet:42 - Users [userId=1003, firstname=Jaime, lastname=Thrasher, password=pass, roleId=3]
2019-07-26 17:31:21 INFO  LogInServlet:41 - going into try
2019-07-26 17:31:22 INFO  LogInServlet:42 - Users [userId=1003, firstname=Jaime, lastname=Thrasher, password=pass, roleId=3]
2019-07-26 17:34:57 INFO  LogInServlet:41 - going into try
2019-07-26 17:34:59 INFO  LogInServlet:42 - Users [userId=1003, firstname=Jaime, lastname=Thrasher, password=pass, roleId=3]
2019-07-26 17:37:13 INFO  LogInServlet:41 - going into try
2019-07-26 17:37:14 INFO  LogInServlet:42 - Users [userId=1003, firstname=Jaime, lastname=Thrasher, password=pass, roleId=3]
2019-07-26 17:39:34 INFO  LogInServlet:41 - going into try
2019-07-26 17:39:35 INFO  LogInServlet:42 - Users [userId=1003, firstname=Jaime, lastname=Thrasher, password=pass, roleId=3]
2019-07-26 17:44:26 INFO  LogInServlet:41 - going into try
2019-07-26 17:44:28 INFO  LogInServlet:42 - Users [userId=1003, firstname=Jaime, lastname=Thrasher, password=pass, roleId=3]
2019-07-26 17:52:19 INFO  LogInServlet:41 - going into try
2019-07-26 17:52:21 INFO  LogInServlet:42 - Users [userId=1003, firstname=Jaime, lastname=Thrasher, password=pass, roleId=3]
2019-07-26 18:38:42 INFO  LogInServlet:41 - going into try
2019-07-26 18:38:43 INFO  LogInServlet:42 - Users [userId=1003, firstname=Jaime, lastname=Thrasher, password=pass, roleId=3]
2019-07-26 18:45:14 INFO  LogInServlet:41 - going into try
2019-07-26 18:45:15 INFO  LogInServlet:42 - Users [userId=1003, firstname=Jaime, lastname=Thrasher, password=pass, roleId=3]
2019-07-26 18:55:31 INFO  LogInServlet:41 - going into try
2019-07-26 18:55:35 INFO  LogInServlet:42 - Users [userId=1005, firstname=Jolie, lastname=Gascon, password=pass, roleId=3]
